<?xml version="1.0" encoding="UTF-8"?>
<robot generator="Robot 4.1.3 (Python 3.9.10 on win32)" generated="20221219 12:29:02.392" rpa="false" schemaversion="2">
<suite id="s1" name="ToDoDeletion" source="c:\Users\mielpi1\Desktop\RobotFramework_Selenium\todomvc\Tests\ToDoDeletion.robot">
<test id="s1-t1" name="User can delete todo">
<kw name="User has TodoMVC app" library="PreconditionSteps" type="SETUP">
<kw name="Open Browser" library="SeleniumLibrary">
<arg>${TODOMVC_URL}</arg>
<arg>chrome</arg>
<doc>Opens a new browser instance to the optional ``url``.</doc>
<msg timestamp="20221219 12:29:02.821" level="INFO">Opening browser 'chrome' to base url 'https://todomvc.com/examples/jquery/#/all'.</msg>
<status status="PASS" starttime="20221219 12:29:02.821" endtime="20221219 12:29:06.748"/>
</kw>
<kw name="Wait until todo input visible" library="new_todo_input">
<kw name="Wait Until Element Is Visible" library="SeleniumLibrary">
<arg>${NEW_TODO}</arg>
<doc>Waits until the element ``locator`` is visible.</doc>
<status status="PASS" starttime="20221219 12:29:06.749" endtime="20221219 12:29:06.762"/>
</kw>
<status status="PASS" starttime="20221219 12:29:06.748" endtime="20221219 12:29:06.762"/>
</kw>
<status status="PASS" starttime="20221219 12:29:02.821" endtime="20221219 12:29:06.763"/>
</kw>
<kw name="User has todo" library="PreconditionSteps">
<kw name="User create new todo" library="ActionsSteps">
<kw name="Setup test variable todoName" library="RandomDataGenerator">
<kw name="Sentence" library="FakerLibrary">
<var>${randomName}</var>
<doc>Generate a sentence.</doc>
<msg timestamp="20221219 12:29:06.764" level="INFO">${randomName} = Seat for central production.</msg>
<status status="PASS" starttime="20221219 12:29:06.764" endtime="20221219 12:29:06.765"/>
</kw>
<kw name="Set Test Variable" library="BuiltIn">
<arg>${todoName}</arg>
<arg>${randomName}</arg>
<doc>Makes a variable available everywhere within the scope of the current test.</doc>
<msg timestamp="20221219 12:29:06.766" level="INFO">${todoName} = Seat for central production.</msg>
<status status="PASS" starttime="20221219 12:29:06.765" endtime="20221219 12:29:06.766"/>
</kw>
<status status="PASS" starttime="20221219 12:29:06.764" endtime="20221219 12:29:06.766"/>
</kw>
<kw name="Create todo" library="new_todo_input">
<arg>${todoName}</arg>
<kw name="Input Text" library="SeleniumLibrary">
<arg>${NEW_TODO}</arg>
<arg>${name}</arg>
<doc>Types the given ``text`` into the text field identified by ``locator``.</doc>
<msg timestamp="20221219 12:29:06.767" level="INFO">Typing text 'Seat for central production.' into text field 'css:.new-todo'.</msg>
<status status="PASS" starttime="20221219 12:29:06.766" endtime="20221219 12:29:06.807"/>
</kw>
<kw name="Press Keys" library="SeleniumLibrary">
<arg>${NEW_TODO}</arg>
<arg>RETURN</arg>
<doc>Simulates the user pressing key(s) to an element or on the active browser.</doc>
<msg timestamp="20221219 12:29:06.807" level="INFO">Sending key(s) ('RETURN',) to css:.new-todo element.</msg>
<msg timestamp="20221219 12:29:07.071" level="INFO">Pressing special key RETURN to element.</msg>
<msg timestamp="20221219 12:29:07.071" level="INFO">Releasing special key RETURN.</msg>
<status status="PASS" starttime="20221219 12:29:06.807" endtime="20221219 12:29:07.075"/>
</kw>
<status status="PASS" starttime="20221219 12:29:06.766" endtime="20221219 12:29:07.075"/>
</kw>
<status status="PASS" starttime="20221219 12:29:06.763" endtime="20221219 12:29:07.075"/>
</kw>
<kw name="User checks if new todo is listed" library="VerificationSteps">
<kw name="Check if todo is listed" library="todos_list">
<arg>${todoName}</arg>
<kw name="Element Text Should Be" library="SeleniumLibrary">
<arg>${TODO_LIST}</arg>
<arg>${name}</arg>
<doc>Verifies that element ``locator`` contains exact the text ``expected``.</doc>
<msg timestamp="20221219 12:29:07.076" level="INFO">Verifying element 'css:.todo-list' contains exact text 'Seat for central production.'.</msg>
<status status="PASS" starttime="20221219 12:29:07.076" endtime="20221219 12:29:07.092"/>
</kw>
<status status="PASS" starttime="20221219 12:29:07.076" endtime="20221219 12:29:07.092"/>
</kw>
<status status="PASS" starttime="20221219 12:29:07.075" endtime="20221219 12:29:07.092"/>
</kw>
<status status="PASS" starttime="20221219 12:29:06.763" endtime="20221219 12:29:07.092"/>
</kw>
<kw name="User can delete todo" library="ActionsSteps">
<kw name="Delete todo" library="todos_list">
<arg>${todoName}</arg>
<kw name="Find todo index by name" library="todos_list">
<var>${todoIndex}</var>
<arg>${name}</arg>
<kw name="Get all displayed todo names for todos-list" library="todos_list">
<var>@{allTodos}</var>
<kw name="Create List" library="BuiltIn">
<var>@{actualNames}</var>
<doc>Returns a list containing given items.</doc>
<msg timestamp="20221219 12:29:07.095" level="INFO">@{actualNames} = [ ]</msg>
<status status="PASS" starttime="20221219 12:29:07.094" endtime="20221219 12:29:07.095"/>
</kw>
<kw name="Get WebElements" library="SeleniumLibrary">
<var>@{allTodos}</var>
<arg>${TODO}</arg>
<doc>Returns a list of WebElement objects matching the ``locator``.</doc>
<msg timestamp="20221219 12:29:07.101" level="INFO">@{allTodos} = [ &lt;selenium.webdriver.remote.webelement.WebElement (session="5bd8e696ae928eb5fb5eff915ef68e59", element="03bf04f8-fee7-448d-a7cb-5b49d99f6a8d")&gt; ]</msg>
<status status="PASS" starttime="20221219 12:29:07.095" endtime="20221219 12:29:07.101"/>
</kw>
<for flavor="IN">
<var>${todo}</var>
<value>@{allTodos}</value>
<iter>
<var name="${todo}">&lt;selenium.webdriver.remote.webelement.WebElement (session="5bd8e696ae928eb5fb5eff915ef68e59", element="03bf04f8-fee7-448d-a7cb-5b49d99f6a8d")&gt;</var>
<kw name="Get Text" library="SeleniumLibrary">
<var>${text}</var>
<arg>${todo}</arg>
<doc>Returns the text value of the element identified by ``locator``.</doc>
<msg timestamp="20221219 12:29:07.111" level="INFO">${text} = Seat for central production.</msg>
<status status="PASS" starttime="20221219 12:29:07.102" endtime="20221219 12:29:07.112"/>
</kw>
<kw name="Append To List" library="Collections">
<arg>${actualNames}</arg>
<arg>${text}</arg>
<doc>Adds ``values`` to the end of ``list``.</doc>
<status status="PASS" starttime="20221219 12:29:07.112" endtime="20221219 12:29:07.112"/>
</kw>
<status status="PASS" starttime="20221219 12:29:07.102" endtime="20221219 12:29:07.112"/>
</iter>
<status status="PASS" starttime="20221219 12:29:07.102" endtime="20221219 12:29:07.113"/>
</for>
<kw name="Return From Keyword" library="BuiltIn">
<arg>@{actualNames}</arg>
<doc>Returns from the enclosing user keyword.</doc>
<msg timestamp="20221219 12:29:07.113" level="INFO">Returning from the enclosing user keyword.</msg>
<status status="PASS" starttime="20221219 12:29:07.113" endtime="20221219 12:29:07.114"/>
</kw>
<msg timestamp="20221219 12:29:07.114" level="INFO">@{allTodos} = [ Seat for central production. ]</msg>
<status status="PASS" starttime="20221219 12:29:07.094" endtime="20221219 12:29:07.114"/>
</kw>
<kw name="Get Index From List" library="Collections">
<var>${index}</var>
<arg>${allTodos}</arg>
<arg>${name}</arg>
<doc>Returns the index of the first occurrence of the ``value`` on the list.</doc>
<msg timestamp="20221219 12:29:07.116" level="INFO">${index} = 0</msg>
<status status="PASS" starttime="20221219 12:29:07.115" endtime="20221219 12:29:07.116"/>
</kw>
<kw name="Evaluate" library="BuiltIn">
<var>${index}</var>
<arg>${index} + 1</arg>
<doc>Evaluates the given expression in Python and returns the result.</doc>
<msg timestamp="20221219 12:29:07.116" level="INFO">${index} = 1</msg>
<status status="PASS" starttime="20221219 12:29:07.116" endtime="20221219 12:29:07.116"/>
</kw>
<kw name="Convert To String" library="BuiltIn">
<var>${index_str}</var>
<arg>${index}</arg>
<doc>Converts the given item to a Unicode string.</doc>
<msg timestamp="20221219 12:29:07.117" level="INFO">${index_str} = 1</msg>
<status status="PASS" starttime="20221219 12:29:07.117" endtime="20221219 12:29:07.117"/>
</kw>
<kw name="Return From Keyword" library="BuiltIn">
<arg>${index_str}</arg>
<doc>Returns from the enclosing user keyword.</doc>
<msg timestamp="20221219 12:29:07.117" level="INFO">Returning from the enclosing user keyword.</msg>
<status status="PASS" starttime="20221219 12:29:07.117" endtime="20221219 12:29:07.118"/>
</kw>
<msg timestamp="20221219 12:29:07.118" level="INFO">${todoIndex} = 1</msg>
<status status="PASS" starttime="20221219 12:29:07.093" endtime="20221219 12:29:07.118"/>
</kw>
<kw name="Log" library="BuiltIn">
<arg>Todo with name THE ONE has inde: ${todoIndex}</arg>
<arg>console=True</arg>
<doc>Logs the given message with the given level.</doc>
<msg timestamp="20221219 12:29:07.118" level="INFO">Todo with name THE ONE has inde: 1</msg>
<status status="PASS" starttime="20221219 12:29:07.118" endtime="20221219 12:29:07.118"/>
</kw>
<kw name="Replace String" library="String">
<var>${todoByIndex}</var>
<arg>${TODO_BY_INDEX}</arg>
<arg>&lt;INDEX&gt;</arg>
<arg>${todoIndex}</arg>
<doc>Replaces ``search_for`` in the given ``string`` with ``replace_with``.</doc>
<msg timestamp="20221219 12:29:07.119" level="INFO">${todoByIndex} = css:.todo-list li:nth-child(3)</msg>
<status status="PASS" starttime="20221219 12:29:07.118" endtime="20221219 12:29:07.119"/>
</kw>
<kw name="Replace String" library="String">
<var>${todoDeleteByIndex}</var>
<arg>${TODO_DELETE_BY_INDEX}</arg>
<arg>&lt;INDEX&gt;</arg>
<arg>${todoIndex}</arg>
<doc>Replaces ``search_for`` in the given ``string`` with ``replace_with``.</doc>
<msg timestamp="20221219 12:29:07.119" level="INFO">${todoDeleteByIndex} = css:.todo-list li:nth-child(3) .destroy</msg>
<status status="PASS" starttime="20221219 12:29:07.119" endtime="20221219 12:29:07.119"/>
</kw>
<kw name="Mouse Over" library="SeleniumLibrary">
<arg>${todoByIndex}</arg>
<doc>Simulates hovering the mouse over the element ``locator``.</doc>
<msg timestamp="20221219 12:29:07.120" level="INFO">Simulating Mouse Over on element 'css:.todo-list li:nth-child(3)'.</msg>
<msg timestamp="20221219 12:29:07.219" level="INFO" html="true">&lt;/td&gt;&lt;/tr&gt;&lt;tr&gt;&lt;td colspan="3"&gt;&lt;a href="selenium-screenshot-4.png"&gt;&lt;img src="selenium-screenshot-4.png" width="800px"&gt;&lt;/a&gt;</msg>
<msg timestamp="20221219 12:29:07.221" level="FAIL">Element with locator 'css:.todo-list li:nth-child(3)' not found.</msg>
<status status="FAIL" starttime="20221219 12:29:07.120" endtime="20221219 12:29:07.222"/>
</kw>
<kw name="Click Element" library="SeleniumLibrary">
<arg>${todoDeleteByIndex}</arg>
<doc>Click the element identified by ``locator``.</doc>
<status status="NOT RUN" starttime="20221219 12:29:07.222" endtime="20221219 12:29:07.222"/>
</kw>
<status status="FAIL" starttime="20221219 12:29:07.093" endtime="20221219 12:29:07.223"/>
</kw>
<status status="FAIL" starttime="20221219 12:29:07.093" endtime="20221219 12:29:07.223"/>
</kw>
<kw name="User checks if delete todo is NOT listed" library="VerificationSteps">
<status status="NOT RUN" starttime="20221219 12:29:07.224" endtime="20221219 12:29:07.224"/>
</kw>
<kw name="Close Browser" library="SeleniumLibrary" type="TEARDOWN">
<doc>Closes the current browser.</doc>
<status status="PASS" starttime="20221219 12:29:07.224" endtime="20221219 12:29:09.340"/>
</kw>
<status status="FAIL" starttime="20221219 12:29:02.820" endtime="20221219 12:29:09.341">Element with locator 'css:.todo-list li:nth-child(3)' not found.</status>
</test>
<status status="FAIL" starttime="20221219 12:29:02.395" endtime="20221219 12:29:09.342"/>
</suite>
<statistics>
<total>
<stat pass="0" fail="1" skip="0">All Tests</stat>
</total>
<tag>
</tag>
<suite>
<stat pass="0" fail="1" skip="0" id="s1" name="ToDoDeletion">ToDoDeletion</stat>
</suite>
</statistics>
<errors>
</errors>
</robot>
